<?xml version="1.0" encoding="UTF-8"?>
<!-- Generated by org.testng.reporters.JUnitReportReporter -->
<testsuite hostname="VireshT-PC" name="test.java.com.MusicGroup.scripts.UnifiedTestCases.Midas_OurStory2004" tests="1" failures="0" timestamp="28 Apr 2016 07:57:53 GMT" time="102.016" errors="0">
  <testcase name="verifyMidas_OurStory2004Page" time="102.016" classname="test.java.com.MusicGroup.scripts.UnifiedTestCases.Midas_OurStory2004"/>
</testsuite> <!-- test.java.com.MusicGroup.scripts.UnifiedTestCases.Midas_OurStory2004 -->
