<?xml version="1.0" encoding="UTF-8"?>
<!-- Generated by org.testng.reporters.JUnitReportReporter -->
<testsuite hostname="VireshT-PC" name="test.java.com.MusicGroup.scripts.UnifiedTestCases.SHMEP_328" tests="1" failures="0" timestamp="29 Apr 2016 17:35:59 GMT" time="132.997" errors="0">
  <testcase name="verifyFooterSection" time="132.997" classname="test.java.com.MusicGroup.scripts.UnifiedTestCases.SHMEP_328"/>
</testsuite> <!-- test.java.com.MusicGroup.scripts.UnifiedTestCases.SHMEP_328 -->
