<?xml version="1.0" encoding="UTF-8"?>
<!-- Generated by org.testng.reporters.JUnitReportReporter -->
<testsuite hostname="VireshT-PC" name="test.java.com.MusicGroup.scripts.UnifiedTestCases.Midas_OurStory1974" tests="1" failures="0" timestamp="28 Apr 2016 07:57:53 GMT" time="53.082" errors="0">
  <testcase name="verifyMidas_OurStory1974Page" time="53.082" classname="test.java.com.MusicGroup.scripts.UnifiedTestCases.Midas_OurStory1974"/>
</testsuite> <!-- test.java.com.MusicGroup.scripts.UnifiedTestCases.Midas_OurStory1974 -->
