<?xml version="1.0" encoding="UTF-8"?>
<!-- Generated by org.testng.reporters.JUnitReportReporter -->
<testsuite hostname="VireshT-PC" name="test.java.com.MusicGroup.scripts.B2BTestCases.VerifyB2BCheckOutPage" tests="1" failures="0" timestamp="29 Apr 2016 17:35:59 GMT" time="227.951" errors="0">
  <testcase name="CheckoutPage" time="227.951" classname="test.java.com.MusicGroup.scripts.B2BTestCases.VerifyB2BCheckOutPage"/>
</testsuite> <!-- test.java.com.MusicGroup.scripts.B2BTestCases.VerifyB2BCheckOutPage -->
