<?xml version="1.0" encoding="UTF-8"?>
<!-- Generated by org.testng.reporters.JUnitReportReporter -->
<testsuite hostname="VireshT-PC" name="test.java.com.MusicGroup.scripts.UnifiedTestCases.Download_Center" tests="1" failures="0" timestamp="29 Apr 2016 17:35:59 GMT" time="39.814" errors="0">
  <testcase name="verifyDownload_CenterPage" time="39.814" classname="test.java.com.MusicGroup.scripts.UnifiedTestCases.Download_Center"/>
</testsuite> <!-- test.java.com.MusicGroup.scripts.UnifiedTestCases.Download_Center -->
