<?xml version="1.0" encoding="UTF-8"?>
<!-- Generated by org.testng.reporters.JUnitReportReporter -->
<testsuite hostname="VireshT-PC" name="test.java.com.MusicGroup.scripts.UnifiedTestCases.Midas_OurStory2008" tests="1" failures="0" timestamp="29 Apr 2016 17:35:59 GMT" time="22.369" errors="0">
  <testcase name="verifyMidas_OurStory2004Page" time="22.369" classname="test.java.com.MusicGroup.scripts.UnifiedTestCases.Midas_OurStory2008"/>
</testsuite> <!-- test.java.com.MusicGroup.scripts.UnifiedTestCases.Midas_OurStory2008 -->
