<?xml version="1.0" encoding="UTF-8"?>
<!-- Generated by org.testng.reporters.JUnitReportReporter -->
<testsuite hostname="VireshT-PC" name="test.java.com.MusicGroup.scripts.UnifiedTestCases.Enterprise_And_Entertainment" tests="1" failures="0" timestamp="29 Apr 2016 17:35:59 GMT" time="8.289" errors="0">
  <testcase name="EnterpriseEntertainment" time="8.289" classname="test.java.com.MusicGroup.scripts.UnifiedTestCases.Enterprise_And_Entertainment"/>
</testsuite> <!-- test.java.com.MusicGroup.scripts.UnifiedTestCases.Enterprise_And_Entertainment -->
