<?xml version="1.0" encoding="UTF-8"?>
<!-- Generated by org.testng.reporters.JUnitReportReporter -->
<testsuite hostname="VireshT-PC" name="test.java.com.MusicGroup.scripts.B2BTestCases.B2B_ForgotPasswordPage" tests="1" failures="0" timestamp="29 Apr 2016 17:35:59 GMT" time="25.339" errors="0">
  <testcase name="B2BStoreAccount" time="25.339" classname="test.java.com.MusicGroup.scripts.B2BTestCases.B2B_ForgotPasswordPage"/>
</testsuite> <!-- test.java.com.MusicGroup.scripts.B2BTestCases.B2B_ForgotPasswordPage -->
