<?xml version="1.0" encoding="UTF-8"?>
<!-- Generated by org.testng.reporters.JUnitReportReporter -->
<testsuite hostname="VireshT-PC" name="test.java.com.MusicGroup.scripts.B2BTestCases.Login_B2B" tests="1" failures="0" timestamp="29 Apr 2016 17:35:59 GMT" time="163.403" errors="0">
  <testcase name="loginB2B" time="163.403" classname="test.java.com.MusicGroup.scripts.B2BTestCases.Login_B2B"/>
</testsuite> <!-- test.java.com.MusicGroup.scripts.B2BTestCases.Login_B2B -->
