<?xml version="1.0" encoding="UTF-8"?>
<!-- Generated by org.testng.reporters.JUnitReportReporter -->
<testsuite hostname="VireshT-PC" name="test.java.com.MusicGroup.scripts.UnifiedTestCases.Midas_OurStory1998" tests="1" failures="0" timestamp="28 Apr 2016 07:57:53 GMT" time="34.197" errors="0">
  <testcase name="verifyMidas_OurStory1998Page" time="34.197" classname="test.java.com.MusicGroup.scripts.UnifiedTestCases.Midas_OurStory1998"/>
</testsuite> <!-- test.java.com.MusicGroup.scripts.UnifiedTestCases.Midas_OurStory1998 -->
